1572128414637:help
1572128422627:start_simulation
1572128445639:start_simulation starting...
1572128460666:start_simulation starting simulation now
1572128508688:start_simulation "starting simulation now"
1572128513671:hhelp
1572128706798:start_simulation "hola"
1572128745522:start_simulation "Hola"
1572129609962:help
1572130782395:hola
1572130793388:echo "Hola"
1572132223593:echo "hola"
1572132660548:start_simulation "Hola"
1572133124493:echo "Hola"
1572133170764:echo "hola"
1572133218372:echo hola
1572136000080:start_simulation
1572136009080:start_simulation hola
1572136051099:e
1572173691836:simulation_start hola
1572173702835:start_simulation hola
1572174093525:start_simulation hey
1572174158083:start_simulation
1572174171081:start_simulation hola
1572174281213:echo hey
1572174289219:echo bot
1572174333953:start_simulation hola
1572174859870:start_simulation test
1572176428862:start_simulation hola
1572177039229:start_simulation
1572177049231:start_simulation hola
1572177271472:start_simulation test
1572177541039:start_simulation hola
1572178311968:start_simulation hey
1572178399106:start_simulation hola
1572178426113:hola
1572178440120:start_simulation hola
1572180972455:start_simulation
1572181951423:start_simulation hola
1572183214172:start_simulation
1572183242143:start_simulation hello
1572183280554:start_simulation hola
1572183356043:echo hola
1572183375052:start_simulation hola
1572185070833:start_simulation
1572187329400:hola
1572187341402:start_simulation
1572189861770:ahola
1572189874776:adios
1572189884783:start_simulation
1572534058882:sta
1572535742865:asla
1572535777779:h
1572536306127:start
1572536507197:a
1572538938861:start_simulation
